-encoding
UTF-8
-outxml
-source
1.6
-target
1.6
-classpath
/home/tomcat/.m2/repository/antlr/antlr/2.7.6/antlr-2.7.6.jar:/home/tomcat/.m2/repository/aopalliance/aopalliance/1.0/aopalliance-1.0.jar:/home/tomcat/.m2/repository/asm/asm/3.3.1/asm-3.3.1.jar:/home/tomcat/.m2/repository/bouncycastle/bcmail-jdk14/138/bcmail-jdk14-138.jar:/home/tomcat/.m2/repository/bouncycastle/bcprov-jdk14/138/bcprov-jdk14-138.jar:/home/tomcat/.m2/repository/cglib/cglib/2.2.2/cglib-2.2.2.jar:/home/tomcat/.m2/repository/classworlds/classworlds/1.1-alpha-2/classworlds-1.1-alpha-2.jar:/home/tomcat/.m2/repository/com/jcraft/jsch/0.1.27/jsch-0.1.27.jar:/home/tomcat/.m2/repository/com/lowagie/itext/2.1.7/itext-2.1.7.jar:/home/tomcat/.m2/repository/com/thoughtworks/xstream/xstream/1.3.1/xstream-1.3.1.jar:/home/tomcat/.m2/repository/commons-beanutils/commons-beanutils/1.8.0/commons-beanutils-1.8.0.jar:/home/tomcat/.m2/repository/commons-cli/commons-cli/1.0/commons-cli-1.0.jar:/home/tomcat/.m2/repository/commons-collections/commons-collections/3.1/commons-collections-3.1.jar:/home/tomcat/.m2/repository/commons-digester/commons-digester/1.7/commons-digester-1.7.jar:/home/tomcat/.m2/repository/commons-logging/commons-logging/1.0.2/commons-logging-1.0.2.jar:/home/tomcat/.m2/repository/dom4j/dom4j/1.6.1/dom4j-1.6.1.jar:/home/tomcat/.m2/repository/eclipse/jdtcore/3.1.0/jdtcore-3.1.0.jar:/home/tomcat/.m2/repository/javassist/javassist/3.12.1.GA/javassist-3.12.1.GA.jar:/home/tomcat/.m2/repository/javax/inject/javax.inject/1/javax.inject-1.jar:/home/tomcat/.m2/repository/javax/servlet/jstl/1.2/jstl-1.2.jar:/home/tomcat/.m2/repository/javax/servlet/servlet-api/2.5/servlet-api-2.5.jar:/home/tomcat/.m2/repository/javax/transaction/jta/1.1/jta-1.1.jar:/home/tomcat/.m2/repository/javax/validation/validation-api/1.0.0.GA/validation-api-1.0.0.GA.jar:/home/tomcat/.m2/repository/jfree/jcommon/1.0.15/jcommon-1.0.15.jar:/home/tomcat/.m2/repository/jfree/jfreechart/1.0.12/jfreechart-1.0.12.jar:/home/tomcat/.m2/repository/jtidy/jtidy/4aug2000r7-dev/jtidy-4aug2000r7-dev.jar:/home/tomcat/.m2/repository/junit/junit/4.7/junit-4.7.jar:/home/tomcat/.m2/repository/log4j/log4j/1.2.15/log4j-1.2.15.jar:/home/tomcat/.m2/repository/mysql/mysql-connector-java/5.1.17/mysql-connector-java-5.1.17.jar:/home/tomcat/.m2/repository/net/sf/jasperreports/jasperreports/4.0.1/jasperreports-4.0.1.jar:/home/tomcat/.m2/repository/net/sourceforge/jtds/jtds/1.2.4/jtds-1.2.4.jar:/home/tomcat/.m2/repository/org/apache/maven/maven-archiver/2.4.1/maven-archiver-2.4.1.jar:/home/tomcat/.m2/repository/org/apache/maven/maven-artifact/2.0.6/maven-artifact-2.0.6.jar:/home/tomcat/.m2/repository/org/apache/maven/maven-artifact-manager/2.0.6/maven-artifact-manager-2.0.6.jar:/home/tomcat/.m2/repository/org/apache/maven/maven-core/2.0.6/maven-core-2.0.6.jar:/home/tomcat/.m2/repository/org/apache/maven/maven-error-diagnostics/2.0.6/maven-error-diagnostics-2.0.6.jar:/home/tomcat/.m2/repository/org/apache/maven/maven-model/2.0.6/maven-model-2.0.6.jar:/home/tomcat/.m2/repository/org/apache/maven/maven-monitor/2.0.6/maven-monitor-2.0.6.jar:/home/tomcat/.m2/repository/org/apache/maven/maven-plugin-api/2.0.6/maven-plugin-api-2.0.6.jar:/home/tomcat/.m2/repository/org/apache/maven/maven-plugin-descriptor/2.0.6/maven-plugin-descriptor-2.0.6.jar:/home/tomcat/.m2/repository/org/apache/maven/maven-plugin-parameter-documenter/2.0.6/maven-plugin-parameter-documenter-2.0.6.jar:/home/tomcat/.m2/repository/org/apache/maven/maven-plugin-registry/2.0.6/maven-plugin-registry-2.0.6.jar:/home/tomcat/.m2/repository/org/apache/maven/maven-profile/2.0.6/maven-profile-2.0.6.jar:/home/tomcat/.m2/repository/org/apache/maven/maven-project/2.0.6/maven-project-2.0.6.jar:/home/tomcat/.m2/repository/org/apache/maven/maven-repository-metadata/2.0.6/maven-repository-metadata-2.0.6.jar:/home/tomcat/.m2/repository/org/apache/maven/maven-settings/2.0.6/maven-settings-2.0.6.jar:/home/tomcat/.m2/repository/org/apache/maven/doxia/doxia-sink-api/1.0-alpha-7/doxia-sink-api-1.0-alpha-7.jar:/home/tomcat/.m2/repository/org/apache/maven/reporting/maven-reporting-api/2.0.6/maven-reporting-api-2.0.6.jar:/home/tomcat/.m2/repository/org/apache/maven/shared/maven-filtering/1.0-beta-2/maven-filtering-1.0-beta-2.jar:/home/tomcat/.m2/repository/org/apache/maven/wagon/wagon-file/1.0-beta-2/wagon-file-1.0-beta-2.jar:/home/tomcat/.m2/repository/org/apache/maven/wagon/wagon-http-lightweight/1.0-beta-2/wagon-http-lightweight-1.0-beta-2.jar:/home/tomcat/.m2/repository/org/apache/maven/wagon/wagon-http-shared/1.0-beta-2/wagon-http-shared-1.0-beta-2.jar:/home/tomcat/.m2/repository/org/apache/maven/wagon/wagon-provider-api/1.0-beta-2/wagon-provider-api-1.0-beta-2.jar:/home/tomcat/.m2/repository/org/apache/maven/wagon/wagon-ssh/1.0-beta-2/wagon-ssh-1.0-beta-2.jar:/home/tomcat/.m2/repository/org/apache/maven/wagon/wagon-ssh-common/1.0-beta-2/wagon-ssh-common-1.0-beta-2.jar:/home/tomcat/.m2/repository/org/apache/maven/wagon/wagon-ssh-external/1.0-beta-2/wagon-ssh-external-1.0-beta-2.jar:/home/tomcat/.m2/repository/org/apache/tiles/tiles-api/2.2.2/tiles-api-2.2.2.jar:/home/tomcat/.m2/repository/org/apache/tiles/tiles-core/2.2.2/tiles-core-2.2.2.jar:/home/tomcat/.m2/repository/org/apache/tiles/tiles-jsp/2.2.2/tiles-jsp-2.2.2.jar:/home/tomcat/.m2/repository/org/apache/tiles/tiles-servlet/2.2.2/tiles-servlet-2.2.2.jar:/home/tomcat/.m2/repository/org/apache/tiles/tiles-template/2.2.2/tiles-template-2.2.2.jar:/home/tomcat/.m2/repository/org/aspectj/aspectjrt/1.6.9/aspectjrt-1.6.9.jar:/home/tomcat/.m2/repository/org/aspectj/aspectjweaver/1.6.8/aspectjweaver-1.6.8.jar:/home/tomcat/.m2/repository/org/bouncycastle/bcmail-jdk14/1.38/bcmail-jdk14-1.38.jar:/home/tomcat/.m2/repository/org/bouncycastle/bcprov-jdk14/1.38/bcprov-jdk14-1.38.jar:/home/tomcat/.m2/repository/org/bouncycastle/bctsp-jdk14/1.38/bctsp-jdk14-1.38.jar:/home/tomcat/.m2/repository/org/codehaus/jackson/jackson-core-asl/1.8.3/jackson-core-asl-1.8.3.jar:/home/tomcat/.m2/repository/org/codehaus/jackson/jackson-mapper-asl/1.8.3/jackson-mapper-asl-1.8.3.jar:/home/tomcat/.m2/repository/org/codehaus/plexus/plexus-archiver/1.2/plexus-archiver-1.2.jar:/home/tomcat/.m2/repository/org/codehaus/plexus/plexus-component-annotations/1.5.4/plexus-component-annotations-1.5.4.jar:/home/tomcat/.m2/repository/org/codehaus/plexus/plexus-container-default/1.0-alpha-9-stable-1/plexus-container-default-1.0-alpha-9-stable-1.jar:/home/tomcat/.m2/repository/org/codehaus/plexus/plexus-interactivity-api/1.0-alpha-4/plexus-interactivity-api-1.0-alpha-4.jar:/home/tomcat/.m2/repository/org/codehaus/plexus/plexus-interpolation/1.22/plexus-interpolation-1.22.jar:/home/tomcat/.m2/repository/org/codehaus/plexus/plexus-io/1.0.1/plexus-io-1.0.1.jar:/home/tomcat/.m2/repository/org/codehaus/plexus/plexus-utils/3.0/plexus-utils-3.0.jar:/home/tomcat/.m2/repository/org/hibernate/hibernate-commons-annotations/3.2.0.Final/hibernate-commons-annotations-3.2.0.Final.jar:/home/tomcat/.m2/repository/org/hibernate/hibernate-core/3.6.5.Final/hibernate-core-3.6.5.Final.jar:/home/tomcat/.m2/repository/org/hibernate/hibernate-validator/4.2.0.Final/hibernate-validator-4.2.0.Final.jar:/home/tomcat/.m2/repository/org/hibernate/javax/persistence/hibernate-jpa-2.0-api/1.0.0.Final/hibernate-jpa-2.0-api-1.0.0.Final.jar:/home/tomcat/.m2/repository/org/slf4j/jcl-over-slf4j/1.5.10/jcl-over-slf4j-1.5.10.jar:/home/tomcat/.m2/repository/org/slf4j/slf4j-api/1.5.10/slf4j-api-1.5.10.jar:/home/tomcat/.m2/repository/org/slf4j/slf4j-log4j12/1.5.10/slf4j-log4j12-1.5.10.jar:/home/tomcat/.m2/repository/org/springframework/spring-aop/3.0.5.RELEASE/spring-aop-3.0.5.RELEASE.jar:/home/tomcat/.m2/repository/org/springframework/spring-asm/3.0.5.RELEASE/spring-asm-3.0.5.RELEASE.jar:/home/tomcat/.m2/repository/org/springframework/spring-beans/3.0.5.RELEASE/spring-beans-3.0.5.RELEASE.jar:/home/tomcat/.m2/repository/org/springframework/spring-context/3.0.5.RELEASE/spring-context-3.0.5.RELEASE.jar:/home/tomcat/.m2/repository/org/springframework/spring-context-support/3.0.5.RELEASE/spring-context-support-3.0.5.RELEASE.jar:/home/tomcat/.m2/repository/org/springframework/spring-core/3.0.5.RELEASE/spring-core-3.0.5.RELEASE.jar:/home/tomcat/.m2/repository/org/springframework/spring-expression/3.0.5.RELEASE/spring-expression-3.0.5.RELEASE.jar:/home/tomcat/.m2/repository/org/springframework/spring-jdbc/3.0.5.RELEASE/spring-jdbc-3.0.5.RELEASE.jar:/home/tomcat/.m2/repository/org/springframework/spring-orm/3.0.5.RELEASE/spring-orm-3.0.5.RELEASE.jar:/home/tomcat/.m2/repository/org/springframework/spring-test/3.0.5.RELEASE/spring-test-3.0.5.RELEASE.jar:/home/tomcat/.m2/repository/org/springframework/spring-tx/3.0.5.RELEASE/spring-tx-3.0.5.RELEASE.jar:/home/tomcat/.m2/repository/org/springframework/spring-web/3.0.5.RELEASE/spring-web-3.0.5.RELEASE.jar:/home/tomcat/.m2/repository/org/springframework/spring-webmvc/3.0.5.RELEASE/spring-webmvc-3.0.5.RELEASE.jar:/home/tomcat/.m2/repository/org/springframework/roo/org.springframework.roo.annotations/1.2.2-RELEASE/org.springframework.roo.annotations-1.2.2-RELEASE.jar:/home/tomcat/.m2/repository/org/springframework/security/spring-security-acl/3.0.5.RELEASE/spring-security-acl-3.0.5.RELEASE.jar:/home/tomcat/.m2/repository/org/springframework/security/spring-security-config/3.0.5.RELEASE/spring-security-config-3.0.5.RELEASE.jar:/home/tomcat/.m2/repository/org/springframework/security/spring-security-core/3.0.5.RELEASE/spring-security-core-3.0.5.RELEASE.jar:/home/tomcat/.m2/repository/org/springframework/security/spring-security-taglibs/3.0.5.RELEASE/spring-security-taglibs-3.0.5.RELEASE.jar:/home/tomcat/.m2/repository/org/springframework/security/spring-security-web/3.0.5.RELEASE/spring-security-web-3.0.5.RELEASE.jar:/home/tomcat/.m2/repository/xml-apis/xml-apis/1.3.02/xml-apis-1.3.02.jar:/home/tomcat/.m2/repository/xpp3/xpp3_min/1.1.4c/xpp3_min-1.1.4c.jar:/home/tomcat/Documents/OMS.Release/target/classes
-d
/home/tomcat/Documents/OMS.Release/target/classes
/home/tomcat/Documents/OMS.Release/src/main/java/com/softserveinc/edu/oms/web/pageablecontroler/util/PageActions.java
/home/tomcat/Documents/OMS.Release/src/main/java/com/softserveinc/edu/oms/service/interfaces/IRoleService.java
/home/tomcat/Documents/OMS.Release/src/main/java/com/softserveinc/edu/oms/web/itemsmanagement/ItemManagementController.java
/home/tomcat/Documents/OMS.Release/src/main/java/com/softserveinc/edu/oms/web/orderitem/OrderItemControllerUtil.java
/home/tomcat/Documents/OMS.Release/src/main/java/com/softserveinc/edu/oms/web/orderitem/model/temporarydata/ITemporaryOrderData.java
/home/tomcat/Documents/OMS.Release/src/main/java/com/softserveinc/edu/oms/web/itemManagement/EditProductController.java
/home/tomcat/Documents/OMS.Release/src/main/java/com/softserveinc/edu/oms/service/interfaces/IOrderItemService.java
/home/tomcat/Documents/OMS.Release/src/main/java/com/softserveinc/edu/oms/web/user/AddUserController.java
/home/tomcat/Documents/OMS.Release/src/main/java/com/softserveinc/edu/oms/service/interfaces/IOrderService.java
/home/tomcat/Documents/OMS.Release/src/main/java/com/softserveinc/edu/oms/web/itemManagement/model/ProductModel.java
/home/tomcat/Documents/OMS.Release/src/main/java/com/softserveinc/edu/oms/persistence/dao/params/OrderSatusTypes.java
/home/tomcat/Documents/OMS.Release/src/main/java/com/softserveinc/edu/oms/web/itemManagement/util/ProductSortResolver.java
/home/tomcat/Documents/OMS.Release/src/main/java/com/softserveinc/edu/oms/web/order/OrderSortProperties.java
/home/tomcat/Documents/OMS.Release/src/main/java/com/softserveinc/edu/oms/web/abstracthandlers/AbstractPageableHandler.java
/home/tomcat/Documents/OMS.Release/src/main/java/com/softserveinc/edu/oms/web/orderitem/model/temporarydata/TemporaryOrderData.java
/home/tomcat/Documents/OMS.Release/src/main/java/com/softserveinc/edu/oms/persistence/dao/interfaces/IDimensionDao.java
/home/tomcat/Documents/OMS.Release/src/main/java/com/softserveinc/edu/oms/persistence/dao/concrete/OrderStatusDao.java
/home/tomcat/Documents/OMS.Release/src/main/java/com/softserveinc/edu/oms/web/util/pageable/ParameterPair.java
/home/tomcat/Documents/OMS.Release/src/main/java/com/softserveinc/edu/oms/persistence/dao/concrete/DimensionDao.java
/home/tomcat/Documents/OMS.Release/src/main/java/com/softserveinc/edu/oms/service/implementation/DimensionService.java
/home/tomcat/Documents/OMS.Release/src/main/java/com/softserveinc/edu/oms/service/implementation/OrderService.java
/home/tomcat/Documents/OMS.Release/src/main/java/com/softserveinc/edu/oms/web/util/SearchModel.java
/home/tomcat/Documents/OMS.Release/src/main/java/com/softserveinc/edu/oms/web/itemManagement/AbstractListItemsController.java
/home/tomcat/Documents/OMS.Release/src/main/java/com/softserveinc/edu/oms/web/orderitem/OrderItemEditController.java
/home/tomcat/Documents/OMS.Release/src/main/java/com/softserveinc/edu/oms/service/interfaces/ICustomerTypeService.java
/home/tomcat/Documents/OMS.Release/src/main/java/com/softserveinc/edu/oms/web/user/ReportListUserController.java
/home/tomcat/Documents/OMS.Release/src/main/java/com/softserveinc/edu/oms/service/implementation/RoleService.java
/home/tomcat/Documents/OMS.Release/src/main/java/com/softserveinc/edu/oms/web/IHandler.java
/home/tomcat/Documents/OMS.Release/src/main/java/com/softserveinc/edu/oms/domain/entities/User.java
/home/tomcat/Documents/OMS.Release/src/main/java/com/softserveinc/edu/oms/persistence/dao/interfaces/IRoleDao.java
/home/tomcat/Documents/OMS.Release/src/main/java/com/softserveinc/edu/oms/persistence/dao/HibernateDao.java
/home/tomcat/Documents/OMS.Release/src/main/java/com/softserveinc/edu/oms/web/user/util/ValidatorRegex.java
/home/tomcat/Documents/OMS.Release/src/main/java/com/softserveinc/edu/oms/web/pageablecontroler/util/PageModel.java
/home/tomcat/Documents/OMS.Release/src/main/java/com/softserveinc/edu/oms/domain/entities/OrderStatus.java
/home/tomcat/Documents/OMS.Release/src/main/java/com/softserveinc/edu/oms/web/abstracthandlers/AbstractCRUDHandler.java
/home/tomcat/Documents/OMS.Release/src/main/java/com/softserveinc/edu/oms/service/implementation/UserService.java
/home/tomcat/Documents/OMS.Release/src/main/java/com/softserveinc/edu/oms/web/orderitem/model/OrderItemsPageModel.java
/home/tomcat/Documents/OMS.Release/src/main/java/com/softserveinc/edu/oms/web/ControlerErrorException.java
/home/tomcat/Documents/OMS.Release/src/main/java/com/softserveinc/edu/oms/web/pageablecontroler/util/PageableParameters.java
/home/tomcat/Documents/OMS.Release/src/main/java/com/softserveinc/edu/oms/service/interfaces/IUserService.java
/home/tomcat/Documents/OMS.Release/src/main/java/com/softserveinc/edu/oms/service/interfaces/ServiceForPaging.java
/home/tomcat/Documents/OMS.Release/src/main/java/com/softserveinc/edu/oms/persistence/dao/concrete/ProductDao.java
/home/tomcat/Documents/OMS.Release/src/main/java/com/softserveinc/edu/oms/web/user/util/UserAvailability.java
/home/tomcat/Documents/OMS.Release/src/main/java/com/softserveinc/edu/oms/web/order/OrderController.java
/home/tomcat/Documents/OMS.Release/src/main/java/com/softserveinc/edu/oms/web/util/pageable/PageModel.java
/home/tomcat/Documents/OMS.Release/src/main/java/com/softserveinc/edu/oms/domain/entities/OrderItem.java
/home/tomcat/Documents/OMS.Release/src/main/java/com/softserveinc/edu/oms/persistence/dao/IPageableDao.java
/home/tomcat/Documents/OMS.Release/src/main/java/com/softserveinc/edu/oms/web/itemManagement/AbstractFormProductController.java
/home/tomcat/Documents/OMS.Release/src/main/java/com/softserveinc/edu/oms/web/merchandiserpages/controlers/MerchandiserEditControler.java
/home/tomcat/Documents/OMS.Release/src/main/java/com/softserveinc/edu/oms/domain/entities/Dimension.java
/home/tomcat/Documents/OMS.Release/src/main/java/com/softserveinc/edu/oms/web/user/AbstractListUsersController.java
/home/tomcat/Documents/OMS.Release/src/main/java/com/softserveinc/edu/oms/web/AbstractControler.java
/home/tomcat/Documents/OMS.Release/src/main/java/com/softserveinc/edu/oms/web/order/SearchFilterOptions.java
/home/tomcat/Documents/OMS.Release/src/main/java/com/softserveinc/edu/oms/web/security/UserSecurityData.java
/home/tomcat/Documents/OMS.Release/src/main/java/com/softserveinc/edu/oms/web/product/ProductController.java
/home/tomcat/Documents/OMS.Release/src/main/java/com/softserveinc/edu/oms/service/implementation/ProductService.java
/home/tomcat/Documents/OMS.Release/src/main/java/com/softserveinc/edu/oms/web/ParameterNames.java
/home/tomcat/Documents/OMS.Release/src/main/java/com/softserveinc/edu/oms/web/pageablecontroler/util/ParameterPair.java
/home/tomcat/Documents/OMS.Release/src/main/java/com/softserveinc/edu/oms/persistence/dao/interfaces/ICustomerTypeDao.java
/home/tomcat/Documents/OMS.Release/src/main/java/com/softserveinc/edu/oms/domain/entities/Order.java
/home/tomcat/Documents/OMS.Release/src/main/java/com/softserveinc/edu/oms/persistence/dao/concrete/RoleDao.java
/home/tomcat/Documents/OMS.Release/src/main/java/com/softserveinc/edu/oms/web/security/LoginController.java
/home/tomcat/Documents/OMS.Release/src/main/java/com/softserveinc/edu/oms/web/product/model/ListProductModel.java
/home/tomcat/Documents/OMS.Release/src/main/java/com/softserveinc/edu/oms/service/implementation/RegionService.java
/home/tomcat/Documents/OMS.Release/src/main/java/com/softserveinc/edu/oms/web/product/model/ProductSortModel.java
/home/tomcat/Documents/OMS.Release/src/main/java/com/softserveinc/edu/oms/service/interfaces/IOrderStatusService.java
/home/tomcat/Documents/OMS.Release/src/main/java/com/softserveinc/edu/oms/web/ControlerRedirectErrorException.java
/home/tomcat/Documents/OMS.Release/src/main/java/com/softserveinc/edu/oms/persistence/dao/params/user/UserSelectField.java
/home/tomcat/Documents/OMS.Release/src/main/java/com/softserveinc/edu/oms/web/util/pageable/PageableParameters.java
/home/tomcat/Documents/OMS.Release/src/main/java/com/softserveinc/edu/oms/web/orderitem/OrderItemDBController.java
/home/tomcat/Documents/OMS.Release/src/main/java/com/softserveinc/edu/oms/web/orderitem/model/OrderItemsLinesNumberModel.java
/home/tomcat/Documents/OMS.Release/src/main/java/com/softserveinc/edu/oms/web/user/EditUserController.java
/home/tomcat/Documents/OMS.Release/src/main/java/com/softserveinc/edu/oms/web/util/StringWrapper.java
/home/tomcat/Documents/OMS.Release/src/main/java/com/softserveinc/edu/oms/service/implementation/OrderItemService.java
/home/tomcat/Documents/OMS.Release/src/main/java/com/softserveinc/edu/oms/domain/entities/CustomerType.java
/home/tomcat/Documents/OMS.Release/src/main/java/com/softserveinc/edu/oms/service/interfaces/Service.java
/home/tomcat/Documents/OMS.Release/src/main/java/com/softserveinc/edu/oms/service/interfaces/IRegionService.java
/home/tomcat/Documents/OMS.Release/src/main/java/com/softserveinc/edu/oms/web/userinfo/UserInfoController.java
/home/tomcat/Documents/OMS.Release/src/main/java/com/softserveinc/edu/oms/persistence/dao/interfaces/IRegionDao.java
/home/tomcat/Documents/OMS.Release/src/main/java/com/softserveinc/edu/oms/web/user/AbstractFormUserController.java
/home/tomcat/Documents/OMS.Release/src/main/java/com/softserveinc/edu/oms/web/user/ListUsersController.java
/home/tomcat/Documents/OMS.Release/src/main/java/com/softserveinc/edu/oms/web/user/AjaxValidatorController.java
/home/tomcat/Documents/OMS.Release/src/main/java/com/softserveinc/edu/oms/domain/entities/CreditCardType.java
/home/tomcat/Documents/OMS.Release/src/main/java/com/softserveinc/edu/oms/persistence/dao/concrete/OrderItemDao.java
/home/tomcat/Documents/OMS.Release/src/main/java/com/softserveinc/edu/oms/web/util/PagingResolver.java
/home/tomcat/Documents/OMS.Release/src/main/java/com/softserveinc/edu/oms/domain/AbstractEntity.java
/home/tomcat/Documents/OMS.Release/src/main/java/com/softserveinc/edu/oms/web/merchandiserpages/handlers/MerchandiserPageableHandler.java
/home/tomcat/Documents/OMS.Release/src/main/java/com/softserveinc/edu/oms/web/user/model/UserModel.java
/home/tomcat/Documents/OMS.Release/src/main/java/com/softserveinc/edu/oms/web/orderitem/OrerItemIterationController.java
/home/tomcat/Documents/OMS.Release/src/main/java/com/softserveinc/edu/oms/web/abstracthandlers/AbstractHandler.java
/home/tomcat/Documents/OMS.Release/src/main/java/com/softserveinc/edu/oms/persistence/dao/params/user/UserSelectWayCondition.java
/home/tomcat/Documents/OMS.Release/src/main/java/com/softserveinc/edu/oms/web/user/AddEditUserValidator.java
/home/tomcat/Documents/OMS.Release/src/main/java/com/softserveinc/edu/oms/web/orderitem/util/SessionExplorer.java
/home/tomcat/Documents/OMS.Release/src/main/java/com/softserveinc/edu/oms/web/itemManagement/AddProductController.java
/home/tomcat/Documents/OMS.Release/src/main/java/com/softserveinc/edu/oms/web/orderitem/model/temporarydata/beans/TemporaryOrderItem.java
/home/tomcat/Documents/OMS.Release/src/main/java/com/softserveinc/edu/oms/persistence/dao/IDao.java
/home/tomcat/Documents/OMS.Release/src/main/java/com/softserveinc/edu/oms/web/itemManagement/util/ProductSelectField.java
/home/tomcat/Documents/OMS.Release/src/main/java/com/softserveinc/edu/oms/domain/entities/Region.java
/home/tomcat/Documents/OMS.Release/src/main/java/com/softserveinc/edu/oms/web/merchandiserpages/controlers/MerchandiserShowPageControler.java
/home/tomcat/Documents/OMS.Release/src/main/java/com/softserveinc/edu/oms/persistence/dao/interfaces/IOrderDao.java
/home/tomcat/Documents/OMS.Release/src/main/java/com/softserveinc/edu/oms/web/user/util/UserSortResolver.java
/home/tomcat/Documents/OMS.Release/src/main/java/com/softserveinc/edu/oms/persistence/dao/params/SelectCondition.java
/home/tomcat/Documents/OMS.Release/src/main/java/com/softserveinc/edu/oms/web/pageablecontroler/util/PageShowElements.java
/home/tomcat/Documents/OMS.Release/src/main/java/com/softserveinc/edu/oms/web/util/pageable/PageActions.java
/home/tomcat/Documents/OMS.Release/src/main/java/com/softserveinc/edu/oms/service/interfaces/IDimensionService.java
/home/tomcat/Documents/OMS.Release/src/main/java/com/softserveinc/edu/oms/web/ParametersValidator.java
/home/tomcat/Documents/OMS.Release/src/main/java/com/softserveinc/edu/oms/persistence/dao/HibernatePageableDao.java
/home/tomcat/Documents/OMS.Release/src/main/java/com/softserveinc/edu/oms/web/orderitem/model/temporarydata/TemporaryListOrderData.java
/home/tomcat/Documents/OMS.Release/src/main/java/com/softserveinc/edu/oms/web/unifiederrorpage/ErrorInfo.java
/home/tomcat/Documents/OMS.Release/src/main/java/com/softserveinc/edu/oms/web/itemsmanagement/ItemManagementUtils.java
/home/tomcat/Documents/OMS.Release/src/main/java/com/softserveinc/edu/oms/persistence/dao/concrete/CustomerTypeDao.java
/home/tomcat/Documents/OMS.Release/src/main/java/com/softserveinc/edu/oms/web/pageablecontroler/AbstractPageableControler.java
/home/tomcat/Documents/OMS.Release/src/main/java/com/softserveinc/edu/oms/web/orderitem/util/OrderItemParameters.java
/home/tomcat/Documents/OMS.Release/src/main/java/com/softserveinc/edu/oms/persistence/dao/concrete/UserDao.java
/home/tomcat/Documents/OMS.Release/src/main/java/com/softserveinc/edu/oms/web/util/pageable/PageShowElements.java
/home/tomcat/Documents/OMS.Release/src/main/java/com/softserveinc/edu/oms/persistence/dao/interfaces/IOrderItemDao.java
/home/tomcat/Documents/OMS.Release/src/main/java/com/softserveinc/edu/oms/persistence/dao/params/DimensionTypesEnum.java
/home/tomcat/Documents/OMS.Release/src/main/java/com/softserveinc/edu/oms/web/unifiederrorpage/ErrorController.java
/home/tomcat/Documents/OMS.Release/src/main/java/com/softserveinc/edu/oms/web/orderitem/model/temporarydata/beans/TemporaryOrder.java
/home/tomcat/Documents/OMS.Release/src/main/java/com/softserveinc/edu/oms/web/util/pageable/PageJspType.java
/home/tomcat/Documents/OMS.Release/src/main/java/com/softserveinc/edu/oms/domain/entities/Role.java
/home/tomcat/Documents/OMS.Release/src/main/java/com/softserveinc/edu/oms/web/pageablecontroler/util/PageJspType.java
/home/tomcat/Documents/OMS.Release/src/main/java/com/softserveinc/edu/oms/web/itemManagement/ReportListProductController.java
/home/tomcat/Documents/OMS.Release/src/main/java/com/softserveinc/edu/oms/service/interfaces/IProductService.java
/home/tomcat/Documents/OMS.Release/src/main/java/com/softserveinc/edu/oms/persistence/dao/params/user/UserSortPropertiesFactory.java
/home/tomcat/Documents/OMS.Release/src/main/java/com/softserveinc/edu/oms/web/util/ListRecordResponse.java
/home/tomcat/Documents/OMS.Release/src/main/java/com/softserveinc/edu/oms/web/itemManagement/ListItemsController.java
/home/tomcat/Documents/OMS.Release/src/main/java/com/softserveinc/edu/oms/web/orderitem/OrderItemViewController.java
/home/tomcat/Documents/OMS.Release/src/main/java/com/softserveinc/edu/oms/domain/entities/Product.java
/home/tomcat/Documents/OMS.Release/src/main/java/com/softserveinc/edu/oms/persistence/dao/interfaces/IUserDao.java
/home/tomcat/Documents/OMS.Release/src/main/java/com/softserveinc/edu/oms/persistence/dao/interfaces/IOrderStatusDao.java
/home/tomcat/Documents/OMS.Release/src/main/java/com/softserveinc/edu/oms/web/itemManagement/util/ProductSortPropertiesFactory.java
/home/tomcat/Documents/OMS.Release/src/main/java/com/softserveinc/edu/oms/persistence/dao/concrete/CreditCardTypeDao.java
/home/tomcat/Documents/OMS.Release/src/main/java/com/softserveinc/edu/oms/persistence/dao/concrete/OrderDao.java
/home/tomcat/Documents/OMS.Release/src/main/java/com/softserveinc/edu/oms/persistence/dao/params/SortProperties.java
/home/tomcat/Documents/OMS.Release/src/main/java/com/softserveinc/edu/oms/persistence/dao/interfaces/IProductDao.java
/home/tomcat/Documents/OMS.Release/src/main/java/com/softserveinc/edu/oms/web/merchandiserpages/MerchandiserPageParameters.java
/home/tomcat/Documents/OMS.Release/src/main/java/com/softserveinc/edu/oms/persistence/dao/interfaces/ICreditCardTypeDao.java
/home/tomcat/Documents/OMS.Release/src/main/java/com/softserveinc/edu/oms/web/merchandiserpages/handlers/MerchandiserEditHandler.java
/home/tomcat/Documents/OMS.Release/src/main/java/com/softserveinc/edu/oms/web/security/UserTracker.java
/home/tomcat/Documents/OMS.Release/src/main/java/com/softserveinc/edu/oms/domain/utils/CardValidator.java
/home/tomcat/Documents/OMS.Release/src/main/java/com/softserveinc/edu/oms/service/implementation/OrderStatusService.java
/home/tomcat/Documents/OMS.Release/src/main/java/com/softserveinc/edu/oms/persistence/dao/concrete/RegionDao.java
